{
"/Users/philkunz/github/gitzone/c9config/dist/index.js":{"path":"/Users/philkunz/github/gitzone/c9config/dist/index.js","s":{"1":1,"2":1,"3":1,"4":1,"5":1,"6":1,"7":0,"8":1,"9":1,"10":1,"11":1,"12":0,"13":1,"14":1,"15":1,"16":1,"17":1,"18":5,"19":1,"20":1},"b":{"1":[1,0],"2":[0,1]},"f":{"1":1,"2":1,"3":1,"4":1},"fnMap":{"1":{"name":"(anonymous_1)","line":12,"loc":{"start":{"line":12,"column":1},"end":{"line":12,"column":13}}},"2":{"name":"(anonymous_2)","line":13,"loc":{"start":{"line":13,"column":24},"end":{"line":13,"column":36}}},"3":{"name":"(anonymous_3)","line":21,"loc":{"start":{"line":21,"column":26},"end":{"line":21,"column":38}}},"4":{"name":"(anonymous_4)","line":33,"loc":{"start":{"line":33,"column":11},"end":{"line":33,"column":23}}}},"statementMap":{"1":{"start":{"line":2,"column":0},"end":{"line":4,"column":2}},"2":{"start":{"line":5,"column":0},"end":{"line":11,"column":2}},"3":{"start":{"line":12,"column":0},"end":{"line":30,"column":5}},"4":{"start":{"line":13,"column":4},"end":{"line":18,"column":11}},"5":{"start":{"line":13,"column":38},"end":{"line":18,"column":5}},"6":{"start":{"line":14,"column":8},"end":{"line":14,"column":21}},"7":{"start":{"line":17,"column":8},"end":{"line":17,"column":20}},"8":{"start":{"line":19,"column":4},"end":{"line":19,"column":46}},"9":{"start":{"line":20,"column":4},"end":{"line":20,"column":44}},"10":{"start":{"line":21,"column":4},"end":{"line":28,"column":9}},"11":{"start":{"line":22,"column":8},"end":{"line":27,"column":9}},"12":{"start":{"line":23,"column":12},"end":{"line":23,"column":80}},"13":{"start":{"line":26,"column":12},"end":{"line":26,"column":29}},"14":{"start":{"line":29,"column":4},"end":{"line":29,"column":51}},"15":{"start":{"line":31,"column":0},"end":{"line":41,"column":2}},"16":{"start":{"line":34,"column":8},"end":{"line":34,"column":107}},"17":{"start":{"line":35,"column":8},"end":{"line":37,"column":9}},"18":{"start":{"line":36,"column":12},"end":{"line":36,"column":54}},"19":{"start":{"line":38,"column":8},"end":{"line":38,"column":28}},"20":{"start":{"line":42,"column":0},"end":{"line":42,"column":26}}},"branchMap":{"1":{"line":13,"type":"if","locations":[{"start":{"line":13,"column":38},"end":{"line":13,"column":38}},{"start":{"line":13,"column":38},"end":{"line":13,"column":38}}]},"2":{"line":22,"type":"if","locations":[{"start":{"line":22,"column":8},"end":{"line":22,"column":8}},{"start":{"line":22,"column":8},"end":{"line":22,"column":8}}]}},"l":{"2":1,"5":1,"12":1,"13":1,"14":1,"17":0,"19":1,"20":1,"21":1,"22":1,"23":0,"26":1,"29":1,"31":1,"34":1,"35":1,"36":5,"38":1,"42":1}}}
